<?xml version="1.0" encoding="UTF-8" ?>
<testsuite failures="0" time="0" errors="0" skipped="0" tests="1" name="com.mkyong.core.TestApp1">
  <properties>
    <property name="java.vendor" value="Oracle Corporation"/>
    <property name="localRepository" value="D:\localRep"/>
    <property name="env.USERDOMAIN_ROAMINGPROFILE" value="IMPETUS"/>
    <property name="sun.java.launcher" value="SUN_STANDARD"/>
    <property name="sun.management.compiler" value="HotSpot 64-Bit Tiered Compilers"/>
    <property name="env.PROMPT" value="$P$G"/>
    <property name="os.name" value="Windows NT (unknown)"/>
    <property name="env.FP_NO_HOST_CHECK" value="NO"/>
    <property name="sun.boot.class.path" value="C:\myAppJava\java7\Java\jdk1.7.0\jre\lib\resources.jar;C:\myAppJava\java7\Java\jdk1.7.0\jre\lib\rt.jar;C:\myAppJava\java7\Java\jdk1.7.0\jre\lib\sunrsasign.jar;C:\myAppJava\java7\Java\jdk1.7.0\jre\lib\jsse.jar;C:\myAppJava\java7\Java\jdk1.7.0\jre\lib\jce.jar;C:\myAppJava\java7\Java\jdk1.7.0\jre\lib\charsets.jar;C:\myAppJava\java7\Java\jdk1.7.0\jre\classes"/>
    <property name="env.COMPUTERNAME" value="IMPETUS-I0033"/>
    <property name="env.CommonProgramW6432" value="C:\Program Files\Common Files"/>
    <property name="env.ALLUSERSPROFILE" value="C:\ProgramData"/>
    <property name="sun.desktop" value="windows"/>
    <property name="java.vm.specification.vendor" value="Oracle Corporation"/>
    <property name="java.runtime.version" value="1.7.0-b147"/>
    <property name="env.HOMEPATH" value="\Users\manish.manker"/>
    <property name="user.name" value="manish.manker"/>
    <property name="user.language" value="en"/>
    <property name="sun.boot.library.path" value="C:\myAppJava\java7\Java\jdk1.7.0\jre\bin"/>
    <property name="classworlds.conf" value="C:\apache-maven-2.0.9\apache-maven-2.0.9\bin\..\bin\m2.conf"/>
    <property name="java.version" value="1.7.0"/>
    <property name="env.PROCESSOR_IDENTIFIER" value="Intel64 Family 6 Model 58 Stepping 9, GenuineIntel"/>
    <property name="user.timezone" value="Asia/Calcutta"/>
    <property name="env.TEMP" value="C:\Users\MANISH~1.MAN\AppData\Local\Temp"/>
    <property name="sun.arch.data.model" value="64"/>
    <property name="java.endorsed.dirs" value="C:\myAppJava\java7\Java\jdk1.7.0\jre\lib\endorsed"/>
    <property name="sun.cpu.isalist" value="amd64"/>
    <property name="env.HOMEDRIVE" value="C:"/>
    <property name="sun.jnu.encoding" value="Cp1252"/>
    <property name="file.encoding.pkg" value="sun.io"/>
    <property name="file.separator" value="\"/>
    <property name="java.specification.name" value="Java Platform API Specification"/>
    <property name="java.class.version" value="51.0"/>
    <property name="user.country" value="US"/>
    <property name="java.home" value="C:\myAppJava\java7\Java\jdk1.7.0\jre"/>
    <property name="env.PSModulePath" value="C:\Windows\system32\WindowsPowerShell\v1.0\Modules\"/>
    <property name="env.APPDATA" value="C:\Users\manish.manker\AppData\Roaming"/>
    <property name="env.PUBLIC" value="C:\Users\Public"/>
    <property name="java.vm.info" value="mixed mode"/>
    <property name="env.ComSpec" value="C:\Windows\system32\cmd.exe"/>
    <property name="env.OS" value="Windows_NT"/>
    <property name="env.CommonProgramFiles" value="C:\Program Files\Common Files"/>
    <property name="os.version" value="6.2"/>
    <property name="env.ProgramW6432" value="C:\Program Files"/>
    <property name="env.JAVA_OPTS" value="-Xms128m -Xmx512m -XX:MaxPermSize=512m"/>
    <property name="path.separator" value=";"/>
    <property name="java.vm.version" value="21.0-b17"/>
    <property name="env.USERPROFILE" value="C:\Users\manish.manker"/>
    <property name="user.variant" value=""/>
    <property name="env.JAVA_HOME" value="C:\myAppJava\java7\Java\jdk1.7.0"/>
    <property name="java.awt.printerjob" value="sun.awt.windows.WPrinterJob"/>
    <property name="env.TMP" value="C:\Users\MANISH~1.MAN\AppData\Local\Temp"/>
    <property name="sun.io.unicode.encoding" value="UnicodeLittle"/>
    <property name="awt.toolkit" value="sun.awt.windows.WToolkit"/>
    <property name="user.script" value=""/>
    <property name="user.home" value="C:\Users\manish.manker"/>
    <property name="env.ProgramData" value="C:\ProgramData"/>
    <property name="env.SESSIONNAME" value="Console"/>
    <property name="env.ProgramFiles(x86)" value="C:\Program Files (x86)"/>
    <property name="java.specification.vendor" value="Oracle Corporation"/>
    <property name="env.M2_HOME" value="C:\apache-maven-2.0.9\apache-maven-2.0.9\bin\.."/>
    <property name="env.NUMBER_OF_PROCESSORS" value="4"/>
    <property name="java.library.path" value="C:\myAppJava\java7\Java\jdk1.7.0\bin;C:\Windows\Sun\Java\bin;C:\Windows\system32;C:\Windows;C:\myAppJava\java7\Java\jdk1.7.0\bin;D:\app\impadmin\product\11.2.0\client_1\bin;C:\Windows\system32;C:\Windows;C:\Windows\System32\Wbem;C:\Windows\System32\WindowsPowerShell\v1.0\;C:\Program Files (x86)\RSA Security\RSA SecurID Software Token\;C:\Program Files\TortoiseSVN\bin;C:\myAppJava\java7\Java\jdk1.7.0\bin;C:\apache-maven-2.0.9\apache-maven-2.0.9\bin;;."/>
    <property name="java.vendor.url" value="http://java.oracle.com/"/>
    <property name="env.USERDNSDOMAIN" value="IMPETUS.CO.IN"/>
    <property name="env.MAVEN_CMD_LINE_ARGS" value="cobertura:cobertura"/>
    <property name="java.vm.vendor" value="Oracle Corporation"/>
    <property name="maven.home" value="C:\apache-maven-2.0.9\apache-maven-2.0.9\bin\.."/>
    <property name="java.runtime.name" value="Java(TM) SE Runtime Environment"/>
    <property name="sun.java.command" value="org.codehaus.classworlds.Launcher cobertura:cobertura"/>
    <property name="java.class.path" value="C:\apache-maven-2.0.9\apache-maven-2.0.9\bin\..\boot\classworlds-1.1.jar"/>
    <property name="env.MAVEN_JAVA_EXE" value="&quot;C:\myAppJava\java7\Java\jdk1.7.0\bin\java.exe&quot;"/>
    <property name="java.vm.specification.name" value="Java Virtual Machine Specification"/>
    <property name="env.windir" value="C:\Windows"/>
    <property name="env.LOGONSERVER" value="\\IMPETUS-DC10"/>
    <property name="java.vm.specification.version" value="1.7"/>
    <property name="env.PROCESSOR_ARCHITECTURE" value="AMD64"/>
    <property name="sun.os.patch.level" value=""/>
    <property name="sun.cpu.endian" value="little"/>
    <property name="env.HOME" value="C:\Users\manish.manker"/>
    <property name="env.ProgramFiles" value="C:\Program Files"/>
    <property name="surefire.test.class.path" value="D:\DNBI_Branches\a3\target\test-classes;D:\DNBI_Branches\a3\target\generated-classes\cobertura;D:\localRep\org\mockito\mockito-core\1.9.5-rc1\mockito-core-1.9.5-rc1.jar;D:\localRep\org\hamcrest\hamcrest-core\1.1\hamcrest-core-1.1.jar;D:\localRep\org\objenesis\objenesis\1.0\objenesis-1.0.jar;D:\localRep\org\powermock\powermock-module-junit4\1.5.4\powermock-module-junit4-1.5.4.jar;D:\localRep\junit\junit\4.10\junit-4.10.jar;D:\localRep\org\powermock\powermock-module-junit4-common\1.5.4\powermock-module-junit4-common-1.5.4.jar;D:\localRep\org\powermock\powermock-core\1.5.4\powermock-core-1.5.4.jar;D:\localRep\org\powermock\powermock-reflect\1.5.4\powermock-reflect-1.5.4.jar;D:\localRep\org\javassist\javassist\3.18.1-GA\javassist-3.18.1-GA.jar;D:\localRep\org\powermock\powermock-api-mockito\1.5.4\powermock-api-mockito-1.5.4.jar;D:\localRep\org\mockito\mockito-all\1.9.5\mockito-all-1.9.5.jar;D:\localRep\org\powermock\powermock-api-support\1.5.4\powermock-api-support-1.5.4.jar;D:\localRep\org\jacoco\org.jacoco.agent\0.6.3.201306030806\org.jacoco.agent-0.6.3.201306030806-runtime.jar;D:\localRep\net\sourceforge\cobertura\cobertura\2.0.3\cobertura-2.0.3.jar;D:\localRep\org\ow2\asm\asm\4.1\asm-4.1.jar;D:\localRep\org\ow2\asm\asm-tree\4.1\asm-tree-4.1.jar;D:\localRep\org\ow2\asm\asm-commons\4.1\asm-commons-4.1.jar;D:\localRep\org\ow2\asm\asm-util\4.1\asm-util-4.1.jar;D:\localRep\org\ow2\asm\asm-analysis\4.1\asm-analysis-4.1.jar;D:\localRep\jaxen\jaxen\1.1-beta-8\jaxen-1.1-beta-8.jar;D:\localRep\dom4j\dom4j\1.6.1\dom4j-1.6.1.jar;D:\localRep\jdom\jdom\1.0\jdom-1.0.jar;D:\localRep\xerces\xmlParserAPIs\2.6.2\xmlParserAPIs-2.6.2.jar;D:\localRep\xerces\xercesImpl\2.6.2\xercesImpl-2.6.2.jar;D:\localRep\xom\xom\1.0b3\xom-1.0b3.jar;D:\localRep\com\ibm\icu\icu4j\2.6.1\icu4j-2.6.1.jar;D:\localRep\xalan\xalan\2.6.0\xalan-2.6.0.jar;D:\localRep\xml-apis\xml-apis\1.0.b2\xml-apis-1.0.b2.jar;D:\localRep\org\ccil\cowan\tagsoup\tagsoup\0.9.7\tagsoup-0.9.7.jar;D:\localRep\org\apache\ant\ant\1.8.3\ant-1.8.3.jar;D:\localRep\org\apache\ant\ant-launcher\1.8.3\ant-launcher-1.8.3.jar;D:\localRep\org\mortbay\jetty\servlet-api-2.5\6.1.14\servlet-api-2.5-6.1.14.jar;D:\localRep\org\mortbay\jetty\jetty\6.1.14\jetty-6.1.14.jar;D:\localRep\org\mortbay\jetty\jetty-util\6.1.14\jetty-util-6.1.14.jar;C:\myAppJava\java7\Java\jdk1.7.0\jre\..\lib\tools.jar;"/>
    <property name="java.io.tmpdir" value="C:\Users\MANISH~1.MAN\AppData\Local\Temp\"/>
    <property name="env.PROCESSOR_REVISION" value="3a09"/>
    <property name="env.UATDATA" value="C:\Windows\CCM\UATData\D9F8C395-CAB8-491d-B8AC-179A1FE1BE77"/>
    <property name="env.CommonProgramFiles(x86)" value="C:\Program Files (x86)\Common Files"/>
    <property name="java.vendor.url.bug" value="http://bugreport.sun.com/bugreport/"/>
    <property name="env.MAVEN_OPTS" value="-Xms128m -Xmx1024m"/>
    <property name="env.SystemRoot" value="C:\Windows"/>
    <property name="java.awt.graphicsenv" value="sun.awt.Win32GraphicsEnvironment"/>
    <property name="os.arch" value="amd64"/>
    <property name="java.ext.dirs" value="C:\myAppJava\java7\Java\jdk1.7.0\jre\lib\ext;C:\Windows\Sun\Java\lib\ext"/>
    <property name="user.dir" value="D:\DNBI_Branches\a3"/>
    <property name="env.LOCALAPPDATA" value="C:\Users\manish.manker\AppData\Local"/>
    <property name="line.separator" value="
"/>
    <property name="java.vm.name" value="Java HotSpot(TM) 64-Bit Server VM"/>
    <property name="env.CLASSWORLDS_JAR" value="&quot;C:\apache-maven-2.0.9\apache-maven-2.0.9\bin\..\boot\classworlds-1.1.jar&quot;"/>
    <property name="env.PATHEXT" value=".COM;.EXE;.BAT;.CMD;.VBS;.VBE;.JS;.JSE;.WSF;.WSH;.MSC"/>
    <property name="env.Path" value="C:\myAppJava\java7\Java\jdk1.7.0\bin;D:\app\impadmin\product\11.2.0\client_1\bin;C:\Windows\system32;C:\Windows;C:\Windows\System32\Wbem;C:\Windows\System32\WindowsPowerShell\v1.0\;C:\Program Files (x86)\RSA Security\RSA SecurID Software Token\;C:\Program Files\TortoiseSVN\bin;C:\myAppJava\java7\Java\jdk1.7.0\bin;C:\apache-maven-2.0.9\apache-maven-2.0.9\bin;"/>
    <property name="basedir" value="D:\DNBI_Branches\a3"/>
    <property name="env.ERROR_CODE" value="0"/>
    <property name="env.USERNAME" value="manish.manker"/>
    <property name="env.SystemDrive" value="C:"/>
    <property name="file.encoding" value="Cp1252"/>
    <property name="env.USERDOMAIN" value="IMPETUS"/>
    <property name="java.specification.version" value="1.7"/>
    <property name="env.PROCESSOR_LEVEL" value="6"/>
  </properties>
  <testcase time="0" classname="com.mkyong.core.TestApp1" name="testPrintHelloWorld2"/>
</testsuite>